<?xml version="1.0" encoding="UTF-8"?>
<testsuite name="com.dece.decedemo.DeceDemoApplicationTests" tests="1" skipped="0" failures="0" errors="0" timestamp="2019-03-04T21:13:15" hostname="Andrews-MBP" time="0.017">
  <properties/>
  <testcase name="contextLoads" classname="com.dece.decedemo.DeceDemoApplicationTests" time="0.017"/>
  <system-out><![CDATA[15:13:14.373 [Test worker] DEBUG org.springframework.test.context.junit4.SpringJUnit4ClassRunner - SpringJUnit4ClassRunner constructor called with [class com.dece.decedemo.DeceDemoApplicationTests]
15:13:14.381 [Test worker] DEBUG org.springframework.test.context.BootstrapUtils - Instantiating CacheAwareContextLoaderDelegate from class [org.springframework.test.context.cache.DefaultCacheAwareContextLoaderDelegate]
15:13:14.386 [Test worker] DEBUG org.springframework.test.context.BootstrapUtils - Instantiating BootstrapContext using constructor [public org.springframework.test.context.support.DefaultBootstrapContext(java.lang.Class,org.springframework.test.context.CacheAwareContextLoaderDelegate)]
15:13:14.396 [Test worker] DEBUG org.springframework.test.context.BootstrapUtils - Instantiating TestContextBootstrapper for test class [com.dece.decedemo.DeceDemoApplicationTests] from class [org.springframework.boot.test.context.SpringBootTestContextBootstrapper]
15:13:14.403 [Test worker] INFO org.springframework.boot.test.context.SpringBootTestContextBootstrapper - Neither @ContextConfiguration nor @ContextHierarchy found for test class [com.dece.decedemo.DeceDemoApplicationTests], using SpringBootContextLoader
15:13:14.405 [Test worker] DEBUG org.springframework.test.context.support.AbstractContextLoader - Did not detect default resource location for test class [com.dece.decedemo.DeceDemoApplicationTests]: class path resource [com/dece/decedemo/DeceDemoApplicationTests-context.xml] does not exist
15:13:14.406 [Test worker] DEBUG org.springframework.test.context.support.AbstractContextLoader - Did not detect default resource location for test class [com.dece.decedemo.DeceDemoApplicationTests]: class path resource [com/dece/decedemo/DeceDemoApplicationTestsContext.groovy] does not exist
15:13:14.406 [Test worker] INFO org.springframework.test.context.support.AbstractContextLoader - Could not detect default resource locations for test class [com.dece.decedemo.DeceDemoApplicationTests]: no resource found for suffixes {-context.xml, Context.groovy}.
15:13:14.407 [Test worker] INFO org.springframework.test.context.support.AnnotationConfigContextLoaderUtils - Could not detect default configuration classes for test class [com.dece.decedemo.DeceDemoApplicationTests]: DeceDemoApplicationTests does not declare any static, non-private, non-final, nested classes annotated with @Configuration.
15:13:14.434 [Test worker] DEBUG org.springframework.test.context.support.ActiveProfilesUtils - Could not find an 'annotation declaring class' for annotation type [org.springframework.test.context.ActiveProfiles] and class [com.dece.decedemo.DeceDemoApplicationTests]
15:13:14.438 [Test worker] DEBUG org.springframework.core.env.StandardEnvironment - Adding [systemProperties] PropertySource with lowest search precedence
15:13:14.439 [Test worker] DEBUG org.springframework.core.env.StandardEnvironment - Adding [systemEnvironment] PropertySource with lowest search precedence
15:13:14.439 [Test worker] DEBUG org.springframework.core.env.StandardEnvironment - Initialized StandardEnvironment with PropertySources [systemProperties,systemEnvironment]
15:13:14.444 [Test worker] DEBUG org.springframework.core.io.support.PathMatchingResourcePatternResolver - Resolved classpath location [com/dece/decedemo/] to resources [URL [file:/Users/andrewhaman/Desktop/Dev/MyProjects/dece-demo/build/classes/java/test/com/dece/decedemo/], URL [file:/Users/andrewhaman/Desktop/Dev/MyProjects/dece-demo/build/classes/java/main/com/dece/decedemo/]]
15:13:14.445 [Test worker] DEBUG org.springframework.core.io.support.PathMatchingResourcePatternResolver - Looking for matching resources in directory tree [/Users/andrewhaman/Desktop/Dev/MyProjects/dece-demo/build/classes/java/test/com/dece/decedemo]
15:13:14.445 [Test worker] DEBUG org.springframework.core.io.support.PathMatchingResourcePatternResolver - Searching directory [/Users/andrewhaman/Desktop/Dev/MyProjects/dece-demo/build/classes/java/test/com/dece/decedemo] for files matching pattern [/Users/andrewhaman/Desktop/Dev/MyProjects/dece-demo/build/classes/java/test/com/dece/decedemo/*.class]
15:13:14.447 [Test worker] DEBUG org.springframework.core.io.support.PathMatchingResourcePatternResolver - Looking for matching resources in directory tree [/Users/andrewhaman/Desktop/Dev/MyProjects/dece-demo/build/classes/java/main/com/dece/decedemo]
15:13:14.447 [Test worker] DEBUG org.springframework.core.io.support.PathMatchingResourcePatternResolver - Searching directory [/Users/andrewhaman/Desktop/Dev/MyProjects/dece-demo/build/classes/java/main/com/dece/decedemo] for files matching pattern [/Users/andrewhaman/Desktop/Dev/MyProjects/dece-demo/build/classes/java/main/com/dece/decedemo/*.class]
15:13:14.448 [Test worker] DEBUG org.springframework.core.io.support.PathMatchingResourcePatternResolver - Resolved location pattern [classpath*:com/dece/decedemo/*.class] to resources [file [/Users/andrewhaman/Desktop/Dev/MyProjects/dece-demo/build/classes/java/test/com/dece/decedemo/DeceDemoApplicationTests.class], file [/Users/andrewhaman/Desktop/Dev/MyProjects/dece-demo/build/classes/java/main/com/dece/decedemo/DeceDemoApplication.class]]
15:13:14.474 [Test worker] DEBUG org.springframework.context.annotation.ClassPathScanningCandidateComponentProvider - Identified candidate component class: file [/Users/andrewhaman/Desktop/Dev/MyProjects/dece-demo/build/classes/java/main/com/dece/decedemo/DeceDemoApplication.class]
15:13:14.475 [Test worker] INFO org.springframework.boot.test.context.SpringBootTestContextBootstrapper - Found @SpringBootConfiguration com.dece.decedemo.DeceDemoApplication for test class com.dece.decedemo.DeceDemoApplicationTests
15:13:14.478 [Test worker] DEBUG org.springframework.boot.test.context.SpringBootTestContextBootstrapper - @TestExecutionListeners is not present for class [com.dece.decedemo.DeceDemoApplicationTests]: using defaults.
15:13:14.480 [Test worker] INFO org.springframework.boot.test.context.SpringBootTestContextBootstrapper - Loaded default TestExecutionListener class names from location [META-INF/spring.factories]: [org.springframework.boot.test.autoconfigure.restdocs.RestDocsTestExecutionListener, org.springframework.boot.test.autoconfigure.web.client.MockRestServiceServerResetTestExecutionListener, org.springframework.boot.test.autoconfigure.web.servlet.MockMvcPrintOnlyOnFailureTestExecutionListener, org.springframework.boot.test.autoconfigure.web.servlet.WebDriverTestExecutionListener, org.springframework.boot.test.mock.mockito.MockitoTestExecutionListener, org.springframework.boot.test.mock.mockito.ResetMocksTestExecutionListener, org.springframework.test.context.web.ServletTestExecutionListener, org.springframework.test.context.support.DirtiesContextBeforeModesTestExecutionListener, org.springframework.test.context.support.DependencyInjectionTestExecutionListener, org.springframework.test.context.support.DirtiesContextTestExecutionListener, org.springframework.test.context.transaction.TransactionalTestExecutionListener, org.springframework.test.context.jdbc.SqlScriptsTestExecutionListener]
15:13:14.487 [Test worker] INFO org.springframework.boot.test.context.SpringBootTestContextBootstrapper - Could not instantiate TestExecutionListener [org.springframework.test.context.transaction.TransactionalTestExecutionListener]. Specify custom listener classes or make the default listener classes (and their required dependencies) available. Offending class: [org/springframework/transaction/interceptor/TransactionAttributeSource]
15:13:14.488 [Test worker] INFO org.springframework.boot.test.context.SpringBootTestContextBootstrapper - Could not instantiate TestExecutionListener [org.springframework.test.context.jdbc.SqlScriptsTestExecutionListener]. Specify custom listener classes or make the default listener classes (and their required dependencies) available. Offending class: [org/springframework/transaction/interceptor/TransactionAttribute]
15:13:14.488 [Test worker] INFO org.springframework.boot.test.context.SpringBootTestContextBootstrapper - Using TestExecutionListeners: [org.springframework.test.context.web.ServletTestExecutionListener@ba4a62e, org.springframework.test.context.support.DirtiesContextBeforeModesTestExecutionListener@fd6f470, org.springframework.boot.test.autoconfigure.SpringBootDependencyInjectionTestExecutionListener@59412a4c, org.springframework.test.context.support.DirtiesContextTestExecutionListener@3d7a1f02, org.springframework.boot.test.autoconfigure.web.servlet.MockMvcPrintOnlyOnFailureTestExecutionListener@13c14b55, org.springframework.boot.test.autoconfigure.web.servlet.WebDriverTestExecutionListener@2b8c5829, org.springframework.boot.test.autoconfigure.restdocs.RestDocsTestExecutionListener@7bcf145e, org.springframework.boot.test.autoconfigure.web.client.MockRestServiceServerResetTestExecutionListener@1620862a, org.springframework.boot.test.mock.mockito.MockitoTestExecutionListener@f22ec58, org.springframework.boot.test.mock.mockito.ResetMocksTestExecutionListener@46a6b085]
15:13:14.490 [Test worker] DEBUG org.springframework.test.annotation.ProfileValueUtils - Retrieved @ProfileValueSourceConfiguration [null] for test class [com.dece.decedemo.DeceDemoApplicationTests]
15:13:14.490 [Test worker] DEBUG org.springframework.test.annotation.ProfileValueUtils - Retrieved ProfileValueSource type [class org.springframework.test.annotation.SystemProfileValueSource] for class [com.dece.decedemo.DeceDemoApplicationTests]
15:13:14.491 [Test worker] DEBUG org.springframework.test.annotation.ProfileValueUtils - Retrieved @ProfileValueSourceConfiguration [null] for test class [com.dece.decedemo.DeceDemoApplicationTests]
15:13:14.491 [Test worker] DEBUG org.springframework.test.annotation.ProfileValueUtils - Retrieved ProfileValueSource type [class org.springframework.test.annotation.SystemProfileValueSource] for class [com.dece.decedemo.DeceDemoApplicationTests]
15:13:14.494 [Test worker] DEBUG org.springframework.test.context.support.AbstractDirtiesContextTestExecutionListener - Before test class: context [DefaultTestContext@37161263 testClass = DeceDemoApplicationTests, testInstance = [null], testMethod = [null], testException = [null], mergedContextConfiguration = [WebMergedContextConfiguration@3de0734c testClass = DeceDemoApplicationTests, locations = '{}', classes = '{class com.dece.decedemo.DeceDemoApplication}', contextInitializerClasses = '[]', activeProfiles = '{}', propertySourceLocations = '{}', propertySourceProperties = '{org.springframework.boot.test.context.SpringBootTestContextBootstrapper=true}', contextCustomizers = set[org.springframework.boot.test.autoconfigure.properties.PropertyMappingContextCustomizer@0, org.springframework.boot.test.autoconfigure.web.servlet.WebDriverContextCustomizerFactory$Customizer@11dfe8b2, org.springframework.boot.test.context.SpringBootTestContextCustomizer@289d1741, org.springframework.boot.test.context.filter.ExcludeFilterContextCustomizer@75feacdf, org.springframework.boot.test.mock.mockito.MockitoContextCustomizer@0], resourceBasePath = 'src/main/webapp', contextLoader = 'org.springframework.boot.test.context.SpringBootContextLoader', parent = [null]]], class annotated with @DirtiesContext [false] with mode [null].
15:13:14.495 [Test worker] DEBUG org.springframework.test.annotation.ProfileValueUtils - Retrieved @ProfileValueSourceConfiguration [null] for test class [com.dece.decedemo.DeceDemoApplicationTests]
15:13:14.495 [Test worker] DEBUG org.springframework.test.annotation.ProfileValueUtils - Retrieved ProfileValueSource type [class org.springframework.test.annotation.SystemProfileValueSource] for class [com.dece.decedemo.DeceDemoApplicationTests]
15:13:14.530 [Test worker] DEBUG org.springframework.core.env.StandardEnvironment - Adding [systemProperties] PropertySource with lowest search precedence
15:13:14.530 [Test worker] DEBUG org.springframework.core.env.StandardEnvironment - Adding [systemEnvironment] PropertySource with lowest search precedence
15:13:14.531 [Test worker] DEBUG org.springframework.core.env.StandardEnvironment - Initialized StandardEnvironment with PropertySources [systemProperties,systemEnvironment]
15:13:14.531 [Test worker] DEBUG org.springframework.core.env.MutablePropertySources - Adding [inline] PropertySource with highest search precedence
15:13:14.534 [Test worker] DEBUG org.springframework.test.context.support.TestPropertySourceUtils - Adding inlined properties to environment: {spring.jmx.enabled=false, org.springframework.boot.test.context.SpringBootTestContextBootstrapper=true, server.port=-1}
15:13:14.534 [Test worker] DEBUG org.springframework.core.env.StandardEnvironment - Adding [Inlined Test Properties] PropertySource with highest search precedence

  .   ____          _            __ _ _
 /\\ / ___'_ __ _ _(_)_ __  __ _ \ \ \ \
( ( )\___ | '_ | '_| | '_ \/ _` | \ \ \ \
 \\/  ___)| |_)| | | | | || (_| |  ) ) ) )
  '  |____| .__|_| |_|_| |_\__, | / / / /
 =========|_|==============|___/=/_/_/_/
 :: Spring Boot ::        (v1.5.2.RELEASE)

2019-03-04 15:13:14.731  INFO 1268 --- [    Test worker] c.d.decedemo.DeceDemoApplicationTests    : Starting DeceDemoApplicationTests on Andrews-MBP with PID 1268 (started by andrewhaman in /Users/andrewhaman/Desktop/Dev/MyProjects/dece-demo)
2019-03-04 15:13:14.732  INFO 1268 --- [    Test worker] c.d.decedemo.DeceDemoApplicationTests    : No active profile set, falling back to default profiles: default
2019-03-04 15:13:14.759  INFO 1268 --- [    Test worker] o.s.w.c.s.GenericWebApplicationContext   : Refreshing org.springframework.web.context.support.GenericWebApplicationContext@677d46f3: startup date [Mon Mar 04 15:13:14 CST 2019]; root of context hierarchy
2019-03-04 15:13:15.637  INFO 1268 --- [    Test worker] s.w.s.m.m.a.RequestMappingHandlerAdapter : Looking for @ControllerAdvice: org.springframework.web.context.support.GenericWebApplicationContext@677d46f3: startup date [Mon Mar 04 15:13:14 CST 2019]; root of context hierarchy
2019-03-04 15:13:15.679  INFO 1268 --- [    Test worker] s.w.s.m.m.a.RequestMappingHandlerMapping : Mapped "{[/error]}" onto public org.springframework.http.ResponseEntity<java.util.Map<java.lang.String, java.lang.Object>> org.springframework.boot.autoconfigure.web.BasicErrorController.error(javax.servlet.http.HttpServletRequest)
2019-03-04 15:13:15.680  INFO 1268 --- [    Test worker] s.w.s.m.m.a.RequestMappingHandlerMapping : Mapped "{[/error],produces=[text/html]}" onto public org.springframework.web.servlet.ModelAndView org.springframework.boot.autoconfigure.web.BasicErrorController.errorHtml(javax.servlet.http.HttpServletRequest,javax.servlet.http.HttpServletResponse)
2019-03-04 15:13:15.698  INFO 1268 --- [    Test worker] o.s.w.s.handler.SimpleUrlHandlerMapping  : Mapped URL path [/webjars/**] onto handler of type [class org.springframework.web.servlet.resource.ResourceHttpRequestHandler]
2019-03-04 15:13:15.698  INFO 1268 --- [    Test worker] o.s.w.s.handler.SimpleUrlHandlerMapping  : Mapped URL path [/**] onto handler of type [class org.springframework.web.servlet.resource.ResourceHttpRequestHandler]
2019-03-04 15:13:15.722  INFO 1268 --- [    Test worker] o.s.w.s.handler.SimpleUrlHandlerMapping  : Mapped URL path [/**/favicon.ico] onto handler of type [class org.springframework.web.servlet.resource.ResourceHttpRequestHandler]
2019-03-04 15:13:15.850  INFO 1268 --- [    Test worker] c.d.decedemo.DeceDemoApplicationTests    : Started DeceDemoApplicationTests in 1.309 seconds (JVM running for 1.899)
]]></system-out>
  <system-err><![CDATA[]]></system-err>
</testsuite>
